#! /usr/bin/vvp
:ivl_version "11.0 (stable)";
:ivl_delay_selection "TYPICAL";
:vpi_time_precision + 0;
:vpi_module "/usr/lib/x86_64-linux-gnu/ivl/system.vpi";
:vpi_module "/usr/lib/x86_64-linux-gnu/ivl/vhdl_sys.vpi";
:vpi_module "/usr/lib/x86_64-linux-gnu/ivl/vhdl_textio.vpi";
:vpi_module "/usr/lib/x86_64-linux-gnu/ivl/v2005_math.vpi";
:vpi_module "/usr/lib/x86_64-linux-gnu/ivl/va_math.vpi";
S_0x557d8b01cbf0 .scope module, "and_tb" "and_tb" 2 3;
 .timescale 0 0;
v0x557d8b02ddd0_0 .var "a", 0 0;
v0x557d8b02dea0_0 .var "b", 0 0;
v0x557d8b02df70_0 .net "out", 0 0, L_0x557d8b02e070;  1 drivers
S_0x557d8b01cd80 .scope module, "G1" "and_gate" 2 8, 3 2 0, S_0x557d8b01cbf0;
 .timescale 0 0;
    .port_info 0 /INPUT 1 "a";
    .port_info 1 /INPUT 1 "b";
    .port_info 2 /OUTPUT 1 "c";
L_0x557d8b02e070 .functor AND 1, v0x557d8b02ddd0_0, v0x557d8b02dea0_0, C4<1>, C4<1>;
v0x557d8afe5ba0_0 .net "a", 0 0, v0x557d8b02ddd0_0;  1 drivers
v0x557d8b02dbf0_0 .net "b", 0 0, v0x557d8b02dea0_0;  1 drivers
v0x557d8b02dcb0_0 .net "c", 0 0, L_0x557d8b02e070;  alias, 1 drivers
    .scope S_0x557d8b01cbf0;
T_0 ;
    %vpi_call 2 12 "$dumpfile", "and_tb.vcd" {0 0 0};
    %vpi_call 2 13 "$dumpvars", 32'sb00000000000000000000000000000000, S_0x557d8b01cbf0 {0 0 0};
    %pushi/vec4 0, 0, 1;
    %store/vec4 v0x557d8b02ddd0_0, 0, 1;
    %pushi/vec4 0, 0, 1;
    %store/vec4 v0x557d8b02dea0_0, 0, 1;
    %delay 10, 0;
    %pushi/vec4 1, 0, 1;
    %store/vec4 v0x557d8b02ddd0_0, 0, 1;
    %pushi/vec4 0, 0, 1;
    %store/vec4 v0x557d8b02dea0_0, 0, 1;
    %delay 10, 0;
    %pushi/vec4 0, 0, 1;
    %store/vec4 v0x557d8b02ddd0_0, 0, 1;
    %pushi/vec4 1, 0, 1;
    %store/vec4 v0x557d8b02dea0_0, 0, 1;
    %delay 10, 0;
    %pushi/vec4 1, 0, 1;
    %store/vec4 v0x557d8b02ddd0_0, 0, 1;
    %pushi/vec4 1, 0, 1;
    %store/vec4 v0x557d8b02dea0_0, 0, 1;
    %delay 10, 0;
    %vpi_call 2 19 "$finish" {0 0 0};
    %end;
    .thread T_0;
# The file index is used to find the file name in the following table.
:file_names 4;
    "N/A";
    "<interactive>";
    "and_tb.v";
    "./and.v";
