#! /usr/bin/vvp
:ivl_version "11.0 (stable)";
:ivl_delay_selection "TYPICAL";
:vpi_time_precision + 0;
:vpi_module "/usr/lib/x86_64-linux-gnu/ivl/system.vpi";
:vpi_module "/usr/lib/x86_64-linux-gnu/ivl/vhdl_sys.vpi";
:vpi_module "/usr/lib/x86_64-linux-gnu/ivl/vhdl_textio.vpi";
:vpi_module "/usr/lib/x86_64-linux-gnu/ivl/v2005_math.vpi";
:vpi_module "/usr/lib/x86_64-linux-gnu/ivl/va_math.vpi";
S_0x55c8af51a1c0 .scope module, "half_adder_tb" "half_adder_tb" 2 3;
 .timescale 0 0;
v0x55c8af52b880_0 .var "a", 0 0;
v0x55c8af52b940_0 .var "b", 0 0;
v0x55c8af52ba10_0 .net "c", 0 0, L_0x55c8af52bd40;  1 drivers
v0x55c8af52bb10_0 .net "s", 0 0, L_0x55c8af52bbe0;  1 drivers
S_0x55c8af51a350 .scope module, "G1" "half_adder_gate_level" 2 8, 3 1 0, S_0x55c8af51a1c0;
 .timescale 0 0;
    .port_info 0 /OUTPUT 1 "s";
    .port_info 1 /OUTPUT 1 "c";
    .port_info 2 /INPUT 1 "a";
    .port_info 3 /INPUT 1 "b";
L_0x55c8af52bbe0 .functor XOR 1, v0x55c8af52b880_0, v0x55c8af52b940_0, C4<0>, C4<0>;
L_0x55c8af52bd40 .functor AND 1, v0x55c8af52b880_0, v0x55c8af52b940_0, C4<1>, C4<1>;
v0x55c8af4e2ba0_0 .net "a", 0 0, v0x55c8af52b880_0;  1 drivers
v0x55c8af52b580_0 .net "b", 0 0, v0x55c8af52b940_0;  1 drivers
v0x55c8af52b640_0 .net "c", 0 0, L_0x55c8af52bd40;  alias, 1 drivers
v0x55c8af52b710_0 .net "s", 0 0, L_0x55c8af52bbe0;  alias, 1 drivers
    .scope S_0x55c8af51a1c0;
T_0 ;
    %vpi_call 2 11 "$dumpfile", "half_adder_tb.vcd" {0 0 0};
    %vpi_call 2 12 "$dumpvars", 32'sb00000000000000000000000000000000, S_0x55c8af51a1c0 {0 0 0};
    %pushi/vec4 0, 0, 1;
    %store/vec4 v0x55c8af52b880_0, 0, 1;
    %pushi/vec4 0, 0, 1;
    %store/vec4 v0x55c8af52b940_0, 0, 1;
    %delay 1, 0;
    %pushi/vec4 1, 0, 1;
    %store/vec4 v0x55c8af52b880_0, 0, 1;
    %pushi/vec4 0, 0, 1;
    %store/vec4 v0x55c8af52b940_0, 0, 1;
    %delay 1, 0;
    %pushi/vec4 0, 0, 1;
    %store/vec4 v0x55c8af52b880_0, 0, 1;
    %pushi/vec4 1, 0, 1;
    %store/vec4 v0x55c8af52b940_0, 0, 1;
    %delay 1, 0;
    %pushi/vec4 1, 0, 1;
    %store/vec4 v0x55c8af52b880_0, 0, 1;
    %pushi/vec4 1, 0, 1;
    %store/vec4 v0x55c8af52b940_0, 0, 1;
    %delay 1, 0;
    %vpi_call 2 17 "$finish" {0 0 0};
    %end;
    .thread T_0;
# The file index is used to find the file name in the following table.
:file_names 4;
    "N/A";
    "<interactive>";
    "halfAdder_tb.v";
    "./halfAdder.v";
